# JRE version: OpenJDK Runtime Environment (11.0.13) (build 11.0.13+0-b1751.21-8125866)
# Java VM: OpenJDK 64-Bit Server VM (11.0.13+0-b1751.21-8125866, mixed mode, tiered, compressed oops, g1 gc, windows-amd64)
Heap:
 garbage-first heap   total 350208K, used 242945K [0x0000000080000000, 0x0000000100000000)
  region size 1024K, 49 young (50176K), 2 survivors (2048K)
 Metaspace       used 158840K, capacity 163560K, committed 163664K, reserved 1191936K
  class space    used 20129K, capacity 21811K, committed 21840K, reserved 1048576K
GC Heap History (20 events):
Event: 1197.295 GC heap before
{Heap before GC invocations=128 (full 0):
 garbage-first heap   total 350208K, used 269082K [0x0000000080000000, 0x0000000100000000)
  region size 1024K, 76 young (77824K), 4 survivors (4096K)
 Metaspace       used 146772K, capacity 150570K, committed 150736K, reserved 1179648K
  class space    used 18701K, capacity 20085K, committed 20176K, reserved 1048576K
}
Event: 1197.304 GC heap after
{Heap after GC invocations=129 (full 0):
 garbage-first heap   total 350208K, used 195624K [0x0000000080000000, 0x0000000100000000)
  region size 1024K, 4 young (4096K), 4 survivors (4096K)
 Metaspace       used 146772K, capacity 150570K, committed 150736K, reserved 1179648K
  class space    used 18701K, capacity 20085K, committed 20176K, reserved 1048576K
}
Event: 1198.156 GC heap before
{Heap before GC invocations=130 (full 0):
 garbage-first heap   total 350208K, used 253992K [0x0000000080000000, 0x0000000100000000)
  region size 1024K, 62 young (63488K), 4 survivors (4096K)
 Metaspace       used 149707K, capacity 153592K, committed 153680K, reserved 1181696K
  class space    used 19113K, capacity 20522K, committed 20560K, reserved 1048576K
}
Event: 1198.160 GC heap after
{Heap after GC invocations=131 (full 0):
 garbage-first heap   total 350208K, used 191085K [0x0000000080000000, 0x0000000100000000)
  region size 1024K, 2 young (2048K), 2 survivors (2048K)
 Metaspace       used 149707K, capacity 153592K, committed 153680K, reserved 1181696K
  class space    used 19113K, capacity 20522K, committed 20560K, reserved 1048576K
}
Event: 1201.022 GC heap before
{Heap before GC invocations=132 (full 0):
 garbage-first heap   total 350208K, used 305773K [0x0000000080000000, 0x0000000100000000)
  region size 1024K, 102 young (104448K), 2 survivors (2048K)
 Metaspace       used 151220K, capacity 155306K, committed 155472K, reserved 1183744K
  class space    used 19299K, capacity 20781K, committed 20816K, reserved 1048576K
}
Event: 1201.034 GC heap after
{Heap after GC invocations=133 (full 0):
 garbage-first heap   total 350208K, used 201329K [0x0000000080000000, 0x0000000100000000)
  region size 1024K, 6 young (6144K), 6 survivors (6144K)
 Metaspace       used 151220K, capacity 155306K, committed 155472K, reserved 1183744K
  class space    used 19299K, capacity 20781K, committed 20816K, reserved 1048576K
}
Event: 1201.680 GC heap before
{Heap before GC invocations=133 (full 0):
 garbage-first heap   total 350208K, used 291441K [0x0000000080000000, 0x0000000100000000)
  region size 1024K, 96 young (98304K), 6 survivors (6144K)
 Metaspace       used 152517K, capacity 156679K, committed 157008K, reserved 1185792K
  class space    used 19440K, capacity 20931K, committed 21072K, reserved 1048576K
}
Event: 1201.693 GC heap after
{Heap after GC invocations=134 (full 0):
 garbage-first heap   total 350208K, used 206963K [0x0000000080000000, 0x0000000100000000)
  region size 1024K, 11 young (11264K), 11 survivors (11264K)
 Metaspace       used 152517K, capacity 156679K, committed 157008K, reserved 1185792K
  class space    used 19440K, capacity 20931K, committed 21072K, reserved 1048576K
}
Event: 1848.812 GC heap before
{Heap before GC invocations=135 (full 0):
 garbage-first heap   total 350208K, used 287859K [0x0000000080000000, 0x0000000100000000)
  region size 1024K, 97 young (99328K), 11 survivors (11264K)
 Metaspace       used 153475K, capacity 157684K, committed 157776K, reserved 1185792K
  class space    used 19523K, capacity 21053K, committed 21072K, reserved 1048576K
}
Event: 1849.075 GC heap after
{Heap after GC invocations=136 (full 0):
 garbage-first heap   total 350208K, used 205079K [0x0000000080000000, 0x0000000100000000)
  region size 1024K, 11 young (11264K), 11 survivors (11264K)
 Metaspace       used 153475K, capacity 157684K, committed 157776K, reserved 1185792K
  class space    used 19523K, capacity 21053K, committed 21072K, reserved 1048576K
}
Event: 1851.982 GC heap before
{Heap before GC invocations=136 (full 0):
 garbage-first heap   total 350208K, used 293143K [0x0000000080000000, 0x0000000100000000)
  region size 1024K, 98 young (100352K), 11 survivors (11264K)
 Metaspace       used 153738K, capacity 158008K, committed 158160K, reserved 1185792K
  class space    used 19541K, capacity 21086K, committed 21200K, reserved 1048576K
}
Event: 1852.065 GC heap after
{Heap after GC invocations=137 (full 0):
 garbage-first heap   total 350208K, used 213316K [0x0000000080000000, 0x0000000100000000)
  region size 1024K, 13 young (13312K), 13 survivors (13312K)
 Metaspace       used 153738K, capacity 158008K, committed 158160K, reserved 1185792K
  class space    used 19541K, capacity 21086K, committed 21200K, reserved 1048576K
}
Event: 1915.996 GC heap before
{Heap before GC invocations=138 (full 0):
 garbage-first heap   total 350208K, used 293188K [0x0000000080000000, 0x0000000100000000)
  region size 1024K, 92 young (94208K), 13 survivors (13312K)
 Metaspace       used 154325K, capacity 158794K, committed 159056K, reserved 1187840K
  class space    used 19620K, capacity 21227K, committed 21328K, reserved 1048576K
}
Event: 1916.037 GC heap after
{Heap after GC invocations=139 (full 0):
 garbage-first heap   total 350208K, used 210926K [0x0000000080000000, 0x0000000100000000)
  region size 1024K, 7 young (7168K), 7 survivors (7168K)
 Metaspace       used 154325K, capacity 158794K, committed 159056K, reserved 1187840K
  class space    used 19620K, capacity 21227K, committed 21328K, reserved 1048576K
}
Event: 2004.197 GC heap before
{Heap before GC invocations=139 (full 0):
 garbage-first heap   total 350208K, used 292846K [0x0000000080000000, 0x0000000100000000)
  region size 1024K, 87 young (89088K), 7 survivors (7168K)
 Metaspace       used 154668K, capacity 159251K, committed 159312K, reserved 1187840K
  class space    used 19668K, capacity 21316K, committed 21328K, reserved 1048576K
}
Event: 2004.230 GC heap after
{Heap after GC invocations=140 (full 0):
 garbage-first heap   total 350208K, used 206377K [0x0000000080000000, 0x0000000100000000)
  region size 1024K, 2 young (2048K), 2 survivors (2048K)
 Metaspace       used 154668K, capacity 159251K, committed 159312K, reserved 1187840K
  class space    used 19668K, capacity 21316K, committed 21328K, reserved 1048576K
}
Event: 3529.329 GC heap before
{Heap before GC invocations=141 (full 0):
 garbage-first heap   total 350208K, used 291369K [0x0000000080000000, 0x0000000100000000)
  region size 1024K, 87 young (89088K), 2 survivors (2048K)
 Metaspace       used 155690K, capacity 160305K, committed 160464K, reserved 1187840K
  class space    used 19771K, capacity 21403K, committed 21456K, reserved 1048576K
}
Event: 3529.411 GC heap after
{Heap after GC invocations=142 (full 0):
 garbage-first heap   total 350208K, used 211121K [0x0000000080000000, 0x0000000100000000)
  region size 1024K, 7 young (7168K), 7 survivors (7168K)
 Metaspace       used 155690K, capacity 160305K, committed 160464K, reserved 1187840K
  class space    used 19771K, capacity 21403K, committed 21456K, reserved 1048576K
}
Event: 3529.934 GC heap before
{Heap before GC invocations=142 (full 0):
 garbage-first heap   total 350208K, used 221361K [0x0000000080000000, 0x0000000100000000)
  region size 1024K, 17 young (17408K), 7 survivors (7168K)
 Metaspace       used 156184K, capacity 160877K, committed 161104K, reserved 1189888K
  class space    used 19830K, capacity 21441K, committed 21584K, reserved 1048576K
}
Event: 3530.282 GC heap after
{Heap after GC invocations=143 (full 0):
 garbage-first heap   total 350208K, used 196865K [0x0000000080000000, 0x0000000100000000)
  region size 1024K, 2 young (2048K), 2 survivors (2048K)
 Metaspace       used 156184K, capacity 160877K, committed 161104K, reserved 1189888K
  class space    used 19830K, capacity 21441K, committed 21584K, reserved 1048576K
}

